\BOOKMARK [1][-]{section*.1}{Content}{}% 1
\BOOKMARK [1][-]{section.1}{Introduction}{}% 2
\BOOKMARK [1][-]{section.2}{Something}{}% 3
\BOOKMARK [1][-]{section.3}{Volkswirtschaftlicher Unterricht im deutschsprachigen Raum}{}% 4
\BOOKMARK [2][-]{subsection.3.1}{Volkswirtschaft im deutschsprachigen Ausland}{section.3}% 5
\BOOKMARK [2][-]{subsection.3.2}{Einzug der Grenznutzenschule an der Universit\344t Z\374rich}{section.3}% 6
\BOOKMARK [1][-]{section.4}{Entwicklungen im Ausland}{}% 7
\BOOKMARK [2][-]{subsection.4.1}{Richard B\374chner:}{section.4}% 8
\BOOKMARK [1][-]{section.5}{\326konomen der Grenznutzenschule}{}% 9
\BOOKMARK [2][-]{subsection.5.1}{Manuel Saitzew: der Interventionist}{section.5}% 10
\BOOKMARK [3][-]{subsubsection.5.1.1}{Saitzew als Verkehrswissenschaftler}{subsection.5.1}% 11
\BOOKMARK [1][-]{section.6}{Die Verschweizerung der Staatwissenschaftlichen Fakult\344t}{}% 12
\BOOKMARK [1][-]{section.7}{Die Abwertungsdebatte}{}% 13
\BOOKMARK [1][-]{section.8}{Die Glaubw\374rdigkeitskrise der Neoklassischen Schule}{}% 14
\BOOKMARK [1][-]{section.9}{Hochschulpolitik}{}% 15
\BOOKMARK [1][-]{section.10}{Epilogue}{}% 16
\BOOKMARK [1][-]{section.11}{Literatur}{}% 17
\BOOKMARK [1][-]{section.12}{Appendix}{}% 18
\BOOKMARK [2][-]{subsection.12.1}{Tabellen}{section.12}% 19
\BOOKMARK [2][-]{subsection.12.2}{Statistiken}{section.12}% 20
\BOOKMARK [2][-]{subsection.12.3}{Zeittafel}{section.12}% 21
